<?xml version="1.0" encoding="UTF-8"?>
<testsuite name="com.gh0jhs.book.webservice.web.HelloControllerTest" tests="0" skipped="0" failures="0" errors="0" timestamp="1970-01-01T00:00:00" hostname="DESKTOP-P5SFNFQ" time="0.0">
  <properties/>
  <system-out><![CDATA[19:41:25.875 [Test worker] DEBUG org.springframework.test.context.junit4.SpringJUnit4ClassRunner - SpringJUnit4ClassRunner constructor called with [class com.gh0jhs.book.webservice.web.HelloControllerTest]
19:41:25.891 [Test worker] DEBUG org.springframework.test.context.BootstrapUtils - Instantiating CacheAwareContextLoaderDelegate from class [org.springframework.test.context.cache.DefaultCacheAwareContextLoaderDelegate]
19:41:25.906 [Test worker] DEBUG org.springframework.test.context.BootstrapUtils - Instantiating BootstrapContext using constructor [public org.springframework.test.context.support.DefaultBootstrapContext(java.lang.Class,org.springframework.test.context.CacheAwareContextLoaderDelegate)]
19:41:25.938 [Test worker] DEBUG org.springframework.test.context.BootstrapUtils - Instantiating TestContextBootstrapper for test class [com.gh0jhs.book.webservice.web.HelloControllerTest] from class [org.springframework.boot.test.autoconfigure.web.servlet.WebMvcTestContextBootstrapper]
19:41:25.969 [Test worker] INFO org.springframework.boot.test.autoconfigure.web.servlet.WebMvcTestContextBootstrapper - Neither @ContextConfiguration nor @ContextHierarchy found for test class [com.gh0jhs.book.webservice.web.HelloControllerTest], using SpringBootContextLoader
19:41:25.969 [Test worker] DEBUG org.springframework.test.context.support.AbstractContextLoader - Did not detect default resource location for test class [com.gh0jhs.book.webservice.web.HelloControllerTest]: class path resource [com/gh0jhs/book/webservice/web/HelloControllerTest-context.xml] does not exist
19:41:25.984 [Test worker] DEBUG org.springframework.test.context.support.AbstractContextLoader - Did not detect default resource location for test class [com.gh0jhs.book.webservice.web.HelloControllerTest]: class path resource [com/gh0jhs/book/webservice/web/HelloControllerTestContext.groovy] does not exist
19:41:25.984 [Test worker] INFO org.springframework.test.context.support.AbstractContextLoader - Could not detect default resource locations for test class [com.gh0jhs.book.webservice.web.HelloControllerTest]: no resource found for suffixes {-context.xml, Context.groovy}.
19:41:25.984 [Test worker] INFO org.springframework.test.context.support.AnnotationConfigContextLoaderUtils - Could not detect default configuration classes for test class [com.gh0jhs.book.webservice.web.HelloControllerTest]: HelloControllerTest does not declare any static, non-private, non-final, nested classes annotated with @Configuration.
19:41:26.078 [Test worker] DEBUG org.springframework.test.context.support.ActiveProfilesUtils - Could not find an 'annotation declaring class' for annotation type [org.springframework.test.context.ActiveProfiles] and class [com.gh0jhs.book.webservice.web.HelloControllerTest]
]]></system-out>
  <system-err><![CDATA[]]></system-err>
</testsuite>
